<?xml version="1.0" encoding="UTF-8"?>
<testsuite name="com.csc.TestCalculator" tests="9" skipped="0" failures="0" errors="0" timestamp="2024-12-08T02:08:43" hostname="KYLESPC" time="0.021">
  <properties/>
  <testcase name="testAverageUsingForLoop()" classname="com.csc.TestCalculator" time="0.01"/>
  <testcase name="testSumUsingStream()" classname="com.csc.TestCalculator" time="0.001"/>
  <testcase name="testMinimumUsingStream()" classname="com.csc.TestCalculator" time="0.001"/>
  <testcase name="testEmptyArrayForStreamMethods()" classname="com.csc.TestCalculator" time="0.002"/>
  <testcase name="testAverageUsingStream()" classname="com.csc.TestCalculator" time="0.0"/>
  <testcase name="testMinimumUsingForLoop()" classname="com.csc.TestCalculator" time="0.001"/>
  <testcase name="testMaximumUsingStream()" classname="com.csc.TestCalculator" time="0.0"/>
  <testcase name="testMaximumUsingForLoop()" classname="com.csc.TestCalculator" time="0.0"/>
  <testcase name="testSumUsingForLoop()" classname="com.csc.TestCalculator" time="0.001"/>
  <system-out><![CDATA[]]></system-out>
  <system-err><![CDATA[]]></system-err>
</testsuite>
